<?xml version="1.0" encoding="UTF-8"?>
<!-- Generated by org.testng.reporters.JUnitReportReporter -->
<testsuite hostname="MSDT103" failures="0" tests="3" name="com.POM.tests.HomeTest" time="3.750" errors="0" timestamp="15 Feb 2022 14:23:48 GMT" skipped="0">
  <testcase classname="com.POM.tests.HomeTest" name="clickOnFilterButtonForEveryOption" time="0.250"/>
  <testcase classname="com.POM.tests.HomeTest" name="verifyHometitle" time="0.107"/>
  <testcase classname="com.POM.tests.HomeTest" name="verifyAddToCartTab" time="3.393"/>
</testsuite> <!-- com.POM.tests.HomeTest -->
