<?xml version="1.0" encoding="UTF-8"?>
<!-- Generated by org.testng.reporters.JUnitReportReporter -->
<testsuite hostname="MSDT103" failures="0" tests="2" name="com.POM.tests.LoginTest" time="0.645" errors="0" timestamp="15 Feb 2022 14:23:48 GMT" skipped="0">
  <testcase classname="com.POM.tests.LoginTest" name="loginDetail" time="0.583"/>
  <testcase classname="com.POM.tests.LoginTest" name="chechTitle" time="0.062"/>
</testsuite> <!-- com.POM.tests.LoginTest -->
