<?xml version="1.0" encoding="UTF-8"?>
<!-- Generated by org.testng.reporters.JUnitReportReporter -->
<testsuite hostname="MSDT103" failures="0" tests="7" name="customer_TestCases.Tc_002_GetSingleCustomer" time="0.076" errors="0" timestamp="2022-02-18T13:40:11 IST" skipped="0">
  <testcase classname="customer_TestCases.Tc_002_GetSingleCustomer" name="checkResponseBody" time="0.043"/>
  <system-out/>
  <testcase classname="customer_TestCases.Tc_002_GetSingleCustomer" name="checkStatusCode" time="0.004"/>
  <system-out/>
  <testcase classname="customer_TestCases.Tc_002_GetSingleCustomer" name="checkContentLength" time="0.009"/>
  <system-out/>
  <testcase classname="customer_TestCases.Tc_002_GetSingleCustomer" name="checkServerType" time="0.007"/>
  <system-out/>
  <testcase classname="customer_TestCases.Tc_002_GetSingleCustomer" name="checkStatusLine" time="0.003"/>
  <system-out/>
  <testcase classname="customer_TestCases.Tc_002_GetSingleCustomer" name="checkResponseTime" time="0.004"/>
  <system-out/>
  <testcase classname="customer_TestCases.Tc_002_GetSingleCustomer" name="checkContentType" time="0.006"/>
  <system-out/>
</testsuite> <!-- customer_TestCases.Tc_002_GetSingleCustomer -->
