<?xml version="1.0" encoding="UTF-8"?>
<!-- Generated by org.testng.reporters.JUnitReportReporter -->
<testsuite hostname="MSDT103" failures="0" tests="7" name="customer_TestCases.Tc_001_GetAllCustomer" time="0.144" errors="0" timestamp="2022-02-18T13:39:42 IST" skipped="0">
  <testcase classname="customer_TestCases.Tc_001_GetAllCustomer" name="checkResponseBody" time="0.050"/>
  <system-out/>
  <testcase classname="customer_TestCases.Tc_001_GetAllCustomer" name="checkStatusCode" time="0.011"/>
  <system-out/>
  <testcase classname="customer_TestCases.Tc_001_GetAllCustomer" name="checkStatusLine" time="0.024"/>
  <system-out/>
  <testcase classname="customer_TestCases.Tc_001_GetAllCustomer" name="checkContentLength" time="0.029"/>
  <system-out/>
  <testcase classname="customer_TestCases.Tc_001_GetAllCustomer" name="checkServerType" time="0.019"/>
  <system-out/>
  <testcase classname="customer_TestCases.Tc_001_GetAllCustomer" name="checkResponseTime" time="0.003"/>
  <system-out/>
  <testcase classname="customer_TestCases.Tc_001_GetAllCustomer" name="checkContentType" time="0.008"/>
  <system-out/>
</testsuite> <!-- customer_TestCases.Tc_001_GetAllCustomer -->
