<?xml version="1.0" encoding="UTF-8"?>
<!-- Generated by org.testng.reporters.JUnitReportReporter -->
<testsuite hostname="MSDT103" failures="0" tests="1" name="com.POM.tests.HomeTest" time="1.538" errors="0" timestamp="07 Feb 2022 16:05:16 GMT" skipped="0">
  <testcase classname="com.POM.tests.HomeTest" name="clickOnLogOut" time="1.538"/>
</testsuite> <!-- com.POM.tests.HomeTest -->
