<?xml version="1.0" encoding="UTF-8"?>
<!-- Generated by org.testng.reporters.JUnitReportReporter -->
<testsuite hostname="MSDT103" failures="0" tests="3" name="com.POM.tests.LoginTest" time="10.866" errors="0" timestamp="07 Feb 2022 16:05:16 GMT" skipped="0">
  <testcase classname="com.POM.tests.LoginTest" name="loginDetail" time="9.616"/>
  <testcase classname="com.POM.tests.LoginTest" name="forgetpass" time="1.224"/>
  <testcase classname="com.POM.tests.LoginTest" name="chechTitle" time="0.026"/>
</testsuite> <!-- com.POM.tests.LoginTest -->
