<?xml version="1.0" encoding="UTF-8"?>
<!-- Generated by org.testng.reporters.JUnitReportReporter -->
<testsuite hostname="MSDT103" failures="0" tests="1" name="RestAPI.DemoOfRestApiWithExcel" time="0.000" errors="0" timestamp="2022-02-17T15:32:57 IST" skipped="1">
  <testcase classname="RestAPI.DemoOfRestApiWithExcel" name="Edetails" time="0.000">
    <skipped/>
  </testcase> <!-- Edetails -->
  <system-out/>
</testsuite> <!-- RestAPI.DemoOfRestApiWithExcel -->
